app/seeds.txt
com.freshfastfood.model.User: java.lang.String name
com.freshfastfood.activity.VerifyPhoneActivity
com.freshfastfood.activity.NotificationDetailsActivity_ViewBinding: NotificationDetailsActivity_ViewBinding(com.freshfastfood.activity.NotificationDetailsActivity,android.view.View)
com.freshfastfood.model.Address: java.lang.String name
com.freshfastfood.model.BannerItem: java.lang.String cid
com.freshfastfood.model.ResultHome: java.util.List catItems
com.freshfastfood.model.Coupon
com.freshfastfood.model.LoginUser
com.freshfastfood.model.User: java.lang.String rdate
com.freshfastfood.model.Price: java.lang.String mProductPrice
com.freshfastfood.activity.FirstActivity
com.freshfastfood.model.MyOrder
com.freshfastfood.activity.RatesActivity: RatesActivity()
com.freshfastfood.utils.AutoScrollViewPager
com.freshfastfood.model.Contry: java.lang.String mResponseCode
com.freshfastfood.model.AddressData: java.lang.String mResponseCode
com.freshfastfood.model.MainDataHome: java.lang.String terms
com.freshfastfood.fragment.HomeFragment_ViewBinding
com.freshfastfood.utils.AutoScrollViewPager: void setBorderAnimation(boolean)
com.freshfastfood.model.CCode: java.lang.String mId
com.freshfastfood.activity.ItemDetailsActivity
com.freshfastfood.model.MyOrder: java.lang.String mTimesloat
com.freshfastfood.model.User: java.lang.String id
com.freshfastfood.model.TimeDatum: java.lang.String mMaxtime
com.freshfastfood.model.MyOrder: java.lang.String counponDiscount
com.freshfastfood.activity.FeedBackActivity_ViewBinding: FeedBackActivity_ViewBinding(com.freshfastfood.activity.FeedBackActivity,android.view.View)
com.freshfastfood.model.ReadNoti: int mRemainNotification
com.freshfastfood.model.Category: java.lang.String mResponseCode
com.freshfastfood.model.CatItem: java.lang.String mId
com.freshfastfood.model.Coupon: java.lang.String mResponseCode
com.freshfastfood.utils.AutoScrollViewPager: void setSlideBorderMode(int)
com.freshfastfood.model.AreaD: java.lang.String name
com.freshfastfood.activity.PopRatesActivity: void onViewClicked(android.view.View)
com.freshfastfood.model.Price
com.freshfastfood.model.User: java.lang.String society
com.freshfastfood.model.Category: java.lang.String mResult
com.freshfastfood.fragment.SubCategoryFragment_ViewBinding: SubCategoryFragment_ViewBinding(com.freshfastfood.fragment.SubCategoryFragment,android.view.View)
com.freshfastfood.utils.AutoScrollViewPager: AutoScrollViewPager(android.content.Context,android.util.AttributeSet)
com.freshfastfood.model.User: java.lang.String password
com.freshfastfood.activity.InfoActivity_ViewBinding
com.freshfastfood.model.SubCategory: java.lang.String mResult
com.freshfastfood.activity.LoginActivity
com.freshfastfood.model.LoginUser: java.lang.String mResponseMsg
com.freshfastfood.activity.LoginActivity_ViewBinding: LoginActivity_ViewBinding(com.freshfastfood.activity.LoginActivity,android.view.View)
com.freshfastfood.model.CatItem: java.lang.String mCatimg
com.freshfastfood.activity.PaypalActivity: PaypalActivity()
com.freshfastfood.model.Couponlist: java.lang.String mCImg
com.freshfastfood.model.Area: java.lang.String responseMsg
com.freshfastfood.model.AreaD: java.lang.String status
com.freshfastfood.model.AddressData: java.lang.String mResponseMsg
com.freshfastfood.model.MyOrder: java.lang.String mIsrated
com.freshfastfood.model.Payment: java.lang.String mResponseCode
com.freshfastfood.fragment.OrderSumrryFragment_ViewBinding
com.freshfastfood.model.ResultHome: com.freshfastfood.model.MainDataHome mainData
com.freshfastfood.model.ProductItem: java.lang.String mShortDesc
com.freshfastfood.fragment.ItemListFragment_ViewBinding
com.freshfastfood.activity.LoginActivity: void onViewClicked(android.view.View)
com.freshfastfood.activity.NotificationActivity
com.freshfastfood.activity.FeedBackActivity
com.freshfastfood.model.Payment: java.lang.String mResponseMsg
com.freshfastfood.model.SubcatItem: java.lang.String count
...
com.razorpay.R$drawable: int abc_text_select_handle_right_mtrl_light
io.card.payment.CardIOActivity
com.razorpay.Y$_o$$1: com.razorpay.Y$_o$ R$$r_
com.razorpay.R$color: int abc_primary_text_disable_only_material_dark
androidx.appcompat.R$styleable: int StateListDrawable_android_exitFadeDuration
androidx.appcompat.R$layout: int notification_action_tombstone
com.google.android.material.R$dimen: int mtrl_textinput_start_icon_margin_end
com.google.android.gms.measurement.AppMeasurement$ConditionalUserProperty: android.os.Bundle mTriggeredEventParams
com.razorpay.CircularProgressView$6: com.razorpay.CircularProgressView d__1_
com.google.android.material.R$dimen: int mtrl_bottomappbar_fab_cradle_vertical_offset
com.google.firebase.auth.FirebaseAuthRegistrar
androidx.appcompat.R$styleable: int AppCompatTextHelper_android_drawableLeft
androidx.appcompat.R$style: int Base_TextAppearance_AppCompat_Title_Inverse
androidx.recyclerview.widget.RecyclerView: void saveOldPositions()
com.google.android.material.R$style: int Base_Widget_AppCompat_SeekBar_Discrete
com.razorpay.PluginOtpElfCheckoutPresenterImpl: void destroyActivity(int,java.lang.String)
com.google.android.material.R$styleable: int SwitchCompat_android_thumb
androidx.core.R$id: int accessibility_custom_action_17
com.razorpay.R$id: int action_divider
com.google.android.material.R$attr: int autoSizeStepGranularity
com.razorpay.AnalyticsEvent: com.razorpay.AnalyticsEvent MAGIC_INIT_END
com.google.android.material.R$attr: int actionBarTabBarStyle
com.google.android.material.R$layout: int mtrl_layout_snackbar_include
com.kofigyan.stateprogressbar.StateProgressBar: void setStateNumberBackgroundColor(int)
io.card.payment.R
com.google.android.material.R$styleable: int AppCompatTheme_imageButtonStyle
com.razorpay.R$styleable: int AppCompatTheme_windowNoTitle
com.google.android.gms.common.GooglePlayServicesUtilLight: boolean isSidewinderDevice(android.content.Context)
com.google.android.material.R$style: int Base_TextAppearance_AppCompat_Widget_ActionBar_Menu
com.google.android.material.R$styleable: int TextAppearance_android_shadowColor
com.razorpay.Y$_o$$5: int Q_$2$
com.google.android.material.R$styleable: int MaterialButton_iconGravity
com.google.android.material.button.MaterialButton: void setCornerRadius(int)
com.google.android.material.R$attr: int bottomSheetStyle
com.razorpay.f$_G$$Q_$2$: void R$$r_()
com.razorpay.H$_a_
androidx.appcompat.R$style: int Widget_AppCompat_Light_ActionButton_Overflow
com.onesignal.R$layout: int browser_actions_context_menu_row
com.razorpay.RzpAssist$5: RzpAssist$5(com.razorpay.RzpAssist,java.lang.String)
com.razorpay.D$_X_: android.webkit.WebViewClient G__G_
com.razorpay.CircularProgressView$10: float d__1_
com.razorpay.c__C_: void setDimensions(int,int)
com.google.android.material.R$style: int Widget_AppCompat_Spinner_Underlined
com.google.android.material.R$dimen: int mtrl_calendar_text_input_padding_top
com.google.firebase.auth.internal.FederatedSignInActivity: FederatedSignInActivity()
androidx.constraintlayout.widget.ConstraintHelper: void setReferencedIds(int[])
com.razorpay.AnalyticsEvent: com.razorpay.AnalyticsEvent CUSTOM_UI_NATIVE_INTENT_ONACTIVITY_RESULT
androidx.appcompat.R$attr: int fontStyle
com.kofigyan.stateprogressbar.R$styleable: int ActionBar_popupTheme
com.google.android.gms.base.R$string: int common_google_play_services_updating_text
com.onesignal.FocusTimeController$FocusEventType: com.onesignal.FocusTimeController$FocusEventType[] values()
androidx.appcompat.R$color: int material_grey_900
com.razorpay.R$drawable: int abc_scrubber_control_to_pressed_mtrl_000
com.onesignal.JobIntentService$CommandProcessor: java.lang.Object doInBackground(java.lang.Object[])
com.razorpay.R$attr: int listChoiceBackgroundIndicator
com.google.android.material.R$styleable: int AppCompatTheme_textAppearancePopupMenuHeader
com.google.android.gms.ads.identifier.AdvertisingIdClient: boolean zzj
butterknife.R$styleable: int FontFamily_fontProviderPackage