app/unused.txt
com.freshfastfood.model.Times:
    public void setData(java.util.List)
    public java.lang.String getResponseCode()
    public void setResponseCode(java.lang.String)
    public java.lang.String getResponseMsg()
    public void setResponseMsg(java.lang.String)
    public java.lang.String getResult()
    public void setResult(java.lang.String)
com.freshfastfood.model.PaymentItem:
    public void setCredTitle(java.lang.String)
    public void setCredValue(java.lang.String)
    public java.lang.String getId()
    public void setId(java.lang.String)
    public void setImg(java.lang.String)
    public java.lang.String getStatus()
    public void setStatus(java.lang.String)
    public void setTitle(java.lang.String)
com.freshfastfood.retrofit.APIClient:
    public void <init>()
    public static final java.lang.String APPEND_URL
com.freshfastfood.activity.VerifyPhoneActivity_ViewBinding:
    public void <init>(com.freshfastfood.activity.VerifyPhoneActivity)
com.freshfastfood.activity.SelectAreaActivity_ViewBinding:
    public void <init>(com.freshfastfood.activity.SelectAreaActivity)
com.freshfastfood.utils.MemoryCache
com.freshfastfood.activity.HomeActivity:
    public android.widget.EditText passThisEditText()
com.freshfastfood.R$interpolator
com.freshfastfood.R$anim
com.freshfastfood.model.LoginUser:
    public int getdCharge()
    public void setdCharge(int)
    public java.lang.String getResponseCode()
    public void setResponseCode(java.lang.String)
    public void setResponseMsg(java.lang.String)
    public void setResult(java.lang.String)
    public void setUser(com.freshfastfood.model.User)
com.freshfastfood.R$drawable
com.freshfastfood.activity.SingActivity_ViewBinding:
    public void <init>(com.freshfastfood.activity.SingActivity)
com.freshfastfood.utils.ImageLoader$PhotosLoader
com.freshfastfood.database.MyCart:
    public java.lang.String getId()
com.freshfastfood.utils.ImageLoader
com.freshfastfood.R$animator
com.freshfastfood.fragment.SubCategoryFragment:
    public static com.freshfastfood.fragment.SubCategoryFragment newInstance(java.lang.String,java.lang.String)
    public void onLongClickItem(android.view.View,int)
com.freshfastfood.activity.FeedBackActivity_ViewBinding:
    public void <init>(com.freshfastfood.activity.FeedBackActivity)
com.freshfastfood.activity.ProfileActivity:
    public static boolean isEmailValid(java.lang.String)
com.freshfastfood.model.BannerItem:
    public void setCid(java.lang.String)
    public void setBimg(java.lang.String)
    public java.lang.String getId()
    public void setId(java.lang.String)
com.freshfastfood.R$string
com.freshfastfood.fragment.CategoryFragment:
    public static com.freshfastfood.fragment.CategoryFragment newInstance(java.lang.String,java.lang.String)
    public void onLongClickItem(android.view.View,int)
    private static final java.lang.String ARG_PARAM1
    private static final java.lang.String ARG_PARAM2
com.freshfastfood.model.Price:
    public void setProductPrice(java.lang.String)
    public void setProductType(java.lang.String)
com.freshfastfood.fragment.PlaceOrderFragment:
    public static com.freshfastfood.fragment.PlaceOrderFragment newInstance(java.lang.String,java.lang.String)
    private static final java.lang.String ARG_PARAM1
    private static final java.lang.String ARG_PARAM2
com.freshfastfood.model.CatItem:
    public void setCount(java.lang.String)
    public void setCatimg(java.lang.String)
    public void setCatname(java.lang.String)
    public void setId(java.lang.String)
com.freshfastfood.model.DynamicData:
    public void setTitle(java.lang.String)
    public void setDynamicItems(java.util.List)
com.freshfastfood.model.OrderDatum:
    public void setTotalamt(java.lang.String)
    public void setId(java.lang.String)
    public java.lang.String getOid()
    public void setOid(java.lang.String)
    public java.lang.String getOrderDate()
    public void setOrderDate(java.lang.String)
...
com.paypal.android.sdk.gh:
    public final void a(int)
com.google.android.material.card.MaterialCardView:
    public static synthetic float access$001(com.google.android.material.card.MaterialCardView)
    public boolean isDragged()
    public boolean isCheckable()
    public final void forceRippleRedrawIfNeeded()
    public final com.google.android.material.card.MaterialCardViewHelper cardViewHelper
    public boolean isParentCardViewDoneInitializing
    public static final int DEF_STYLE_RES
com.google.android.material.transformation.FabTransformationSheetBehavior:
    public com.google.android.material.transformation.FabTransformationBehavior$FabTransformationSpec onCreateMotionSpec(android.content.Context,boolean)
    public final void updateImportantForAccessibility(android.view.View,boolean)
com.google.android.material.shape.ShapeAppearanceModel$CornerSizeUnaryOperator
com.google.android.datatransport.cct.a.zzf
com.google.firebase.auth.internal.zzr
androidx.transition.TransitionManager:
    public static void sceneChangeRunTransition(android.view.ViewGroup,androidx.transition.Transition)
    public static void sceneChangeSetup(android.view.ViewGroup,androidx.transition.Transition)
    public static void beginDelayedTransition(android.view.ViewGroup,androidx.transition.Transition)
com.google.gson.Gson$2:
    public java.lang.Float read(com.google.gson.stream.JsonReader)
    public void write(com.google.gson.stream.JsonWriter,java.lang.Number)
    public final synthetic com.google.gson.Gson this$0
com.google.gson.internal.bind.JsonTreeWriter:
    public com.google.gson.JsonElement get()
com.onesignal.WebViewManager$8
com.google.android.datatransport.cct.a.zza$zza
com.google.android.gms.internal.measurement.zzja:
    public static boolean zzb()
    public static long zzc()
    public void <init>(com.google.android.gms.internal.measurement.zzdb)
okhttp3.ConnectionPool:
    public void <init>(int,long,java.util.concurrent.TimeUnit)
    public okhttp3.internal.connection.RealConnection get(okhttp3.Address,okhttp3.internal.connection.StreamAllocation,okhttp3.Route)
    public java.net.Socket deduplicate(okhttp3.Address,okhttp3.internal.connection.StreamAllocation)
    public void put(okhttp3.internal.connection.RealConnection)
    public boolean connectionBecameIdle(okhttp3.internal.connection.RealConnection)
    public static final synthetic boolean $assertionsDisabled
androidx.browser.customtabs.CustomTabsClient$2$5
com.google.android.gms.measurement.internal.zzid:
    public final synthetic void zza(int,java.lang.Exception,byte[],java.util.Map)
    public final byte[] zzb
io.fabric.sdk.android.Onboarding:
    public java.lang.Boolean doInBackground()
    public java.util.Map mergeKits(java.util.Map,java.util.Collection)
    public final io.fabric.sdk.android.services.settings.SettingsData retrieveSettingsData()
    public final boolean performCreateApp(java.lang.String,io.fabric.sdk.android.services.settings.AppSettingsData,java.util.Collection)
    public final boolean performUpdateApp(java.lang.String,io.fabric.sdk.android.services.settings.AppSettingsData,java.util.Collection)
    public final boolean performUpdateApp(io.fabric.sdk.android.services.settings.AppSettingsData,io.fabric.sdk.android.services.settings.IconRequest,java.util.Collection)
com.onesignal.OSDynamicTriggerController:
    public static boolean evaluateTimeIntervalWithOperator(double,double,com.onesignal.OSTrigger$OSTriggerOperator)
    public static synthetic java.util.ArrayList access$000(com.onesignal.OSDynamicTriggerController)
    public static synthetic com.onesignal.OSDynamicTriggerController$OSDynamicTriggerControllerObserver access$100(com.onesignal.OSDynamicTriggerController)
com.google.android.gms.common.api.internal.BaseImplementation$ResultHolder:
    public abstract void setResult(java.lang.Object)